0 info it worked if it ends with ok
1 verbose cli [ '/usr/local/bin/node', '/usr/local/bin/npm', 'publish' ]
2 info using npm@3.10.3
3 info using node@v6.4.0
4 verbose publish [ '.' ]
5 silly cache add args [ '.', null ]
6 verbose cache add spec .
7 silly cache add parsed spec Result {
7 silly cache add   raw: '.',
7 silly cache add   scope: null,
7 silly cache add   escapedName: null,
7 silly cache add   name: null,
7 silly cache add   rawSpec: '.',
7 silly cache add   spec: '/Users/cborodic/github/js-trig-parser',
7 silly cache add   type: 'directory' }
8 verbose addLocalDirectory /Users/cborodic/.npm/js-trig-parser/0.2.0/package.tgz not in flight; packing
9 verbose correctMkdir /Users/cborodic/.npm correctMkdir not in flight; initializing
10 info lifecycle js-trig-parser@0.2.0~prepublish: js-trig-parser@0.2.0
11 silly lifecycle js-trig-parser@0.2.0~prepublish: no script for prepublish, continuing
12 verbose tar pack [ '/Users/cborodic/.npm/js-trig-parser/0.2.0/package.tgz',
12 verbose tar pack   '/Users/cborodic/github/js-trig-parser' ]
13 verbose tarball /Users/cborodic/.npm/js-trig-parser/0.2.0/package.tgz
14 verbose folder /Users/cborodic/github/js-trig-parser
15 verbose addLocalTarball adding from inside cache /Users/cborodic/.npm/js-trig-parser/0.2.0/package.tgz
16 verbose correctMkdir /Users/cborodic/.npm correctMkdir not in flight; initializing
17 silly cache afterAdd js-trig-parser@0.2.0
18 verbose afterAdd /Users/cborodic/.npm/js-trig-parser/0.2.0/package/package.json not in flight; writing
19 verbose correctMkdir /Users/cborodic/.npm correctMkdir not in flight; initializing
20 verbose afterAdd /Users/cborodic/.npm/js-trig-parser/0.2.0/package/package.json written
21 silly publish { name: 'js-trig-parser',
21 silly publish   version: '0.2.0',
21 silly publish   description: 'antlr4 based JS trig parser',
21 silly publish   main: 'index.js',
21 silly publish   dependencies: { antlr4: '^4.5.3', moment: '^2.14.1', uuid: '^3.0.0' },
21 silly publish   devDependencies:
21 silly publish    { chai: '^3.5.0',
21 silly publish      mocha: '^3.0.2',
21 silly publish      'recursive-readdir': '^2.0.0',
21 silly publish      webpack: '^1.13.2' },
21 silly publish   scripts:
21 silly publish    { test: './test.sh',
21 silly publish      profile: './profile.sh',
21 silly publish      'build-umd': 'webpack --progress --colors' },
21 silly publish   repository:
21 silly publish    { type: 'git',
21 silly publish      url: 'git+https://github.com/cambridgesemantics/js-trig-parser.git' },
21 silly publish   author: { name: 'Chris Borodic' },
21 silly publish   license: 'MIT',
21 silly publish   readme: '# js-trig-parser\nJS antlr4 based trig to graph/statements.\n\n\n\n##Install\n\n```\nnpm i js-trig-parser\n```\n\numd module included built with webpack\n## Usage\n##### Loaders have the following api\'s:\n```\nloader.fromFile(filename) //nodejs env only\nloader.fromString(trigStr)\n```\n[Graph Loader](#graph-loader)\n\n[Base Loader](#base-loader)\n\n[Syntax Tree Loader](#syntax-tree-loader)\n\n\n\n\n#### Graph Loader\nOutputs the following trig document\n##### Trig Document\n```\n  {\n\tprefixes: {prefixKey : prefix},\n\tgraphs: [graph],\n\tmacros: [macroResult],\n\terrors: [errorResult],\n\tallGraphs: this.graphs + [defaultGraph],\n\tdefaultGraph: { graph },\n\tgetStatements(): [triple]\n  }\n```\n##### Graph\n\n```\n{\n\tiri: String,\n\turi: String,\n\tpos: {line: int, column: int},\n\t_graph: { ExpandedParseObject },\n\tgetStatements(): [triple]\n\t\n}\t\n```\n\n##### Prefixes\n\n```\n{\n\tname: String,\n\tvalue: String,\n\tpos: {line: int, column: int}\n}\n```\n##### Expanded Parse Object\nThis is a trimmed down and flattened version of the __ANTLR__ parse token\n\n\n\n```\nExpressions(Rules)\n{\n\tpos: {line: int, column: int},\n\tstart: {},\n\tstop: {},\n\ttype: String, //antlr rule name\n\ttoken: String,\n\tchildren: [ExpandedParseObject]\n\t\n}\n\n\nTerminals(Symbols/Literals)\n{\n\tpos: {line: int, column: int},\n\tstart: {},\n\tstop: {},\n\ttype: String, //antlr rule name\n\ttoken: String\n\t\n\t\n}\n```\n\n##### Statement\n```\n{\n\tsubject: String,//prefix expanded form/URI\n\tpredicate: String,\n\tobject: Value(String | Number | boolean),\n\t\n\tiriSubject: String, //original form found in the document\n\tiriPredicate: String,\n\tiriObject: String,\n\t\n\t_s: { ExpandedParseObject },\n\t_p: { ExpandedParseObject },\n\t_o: { ExpandedParseObject },\n\t_g: { ExpandedParseObject },\n\tgraph: { graph }\n}\n```\n\n\n##### Literals\n\n\n###### IRIed literals\nXSD literals are converted to their corresponding types when possible.\n\nSpecial XSD integer types(i.e. non-negative postitive) are bit validated.\n\nNon-standard IRIed literals("some literal"^^some:iri) are treated like strings\nbut the original parser tokens can be retrieved by looking at the _o object on the statement.\nPlanning to clean this up/simply this in a later version.\n\n###### DateTime literals\nDateTime/Date parsed by moment format strings:\n\n\tDateTime: \'YYYY-MM-DD HH:mm:ss Z\'\n\tDate: \'YYYY-MM-DDZ\'\n\n###### Numeric Values\n\nxsd:decimal or decimal literal are converted using parseFloat.\n\nAnything else is converted to Number using parseInt.\n\n\n#### Keywords Not Currently Supported by GraphLoader\n\t@base\n\tPREFIX/BASE\n\tGRAPH\n\tEXPONENT\n\n\n#### Base Loader\n\n```\n{\n\texpressions: [ExpandedParseObjects],\n\tterminals: [ExpandedParseObjects],\n\terrors: [ParseObjects]\n\t\n}\n```\n#### Syntax Tree Loader\nRaw result of running the ANTLR4 parser using the trigDoc rule on the provided trig file.\n\n```\n{\n\ttree: ANTLR parser trig doc/root rule,\n\tparser: antlrParser\n}\n```\n\n\n##Tests\n\nFor the profiler to work you need to install devutils(chromium nodejs debugging)\n```\nnpm test\nnpm profile\n```\n\n\n\n',
21 silly publish   readmeFilename: 'README.md',
21 silly publish   gitHead: 'a8a8e852f1237b3d66d30fd08b2a77ff0c4e9d83',
21 silly publish   bugs: { url: 'https://github.com/cambridgesemantics/js-trig-parser/issues' },
21 silly publish   homepage: 'https://github.com/cambridgesemantics/js-trig-parser#readme',
21 silly publish   _id: 'js-trig-parser@0.2.0',
21 silly publish   _shasum: '89e93bcdb9bae32d542c790a932e4cc6ae1cd232',
21 silly publish   _from: '.' }
22 verbose getPublishConfig undefined
23 silly mapToRegistry name js-trig-parser
24 silly mapToRegistry using default registry
25 silly mapToRegistry registry https://registry.npmjs.org/
26 silly mapToRegistry data Result {
26 silly mapToRegistry   raw: 'js-trig-parser',
26 silly mapToRegistry   scope: null,
26 silly mapToRegistry   escapedName: 'js-trig-parser',
26 silly mapToRegistry   name: 'js-trig-parser',
26 silly mapToRegistry   rawSpec: '',
26 silly mapToRegistry   spec: 'latest',
26 silly mapToRegistry   type: 'tag' }
27 silly mapToRegistry uri https://registry.npmjs.org/js-trig-parser
28 verbose publish registryBase https://registry.npmjs.org/
29 silly publish uploading /Users/cborodic/.npm/js-trig-parser/0.2.0/package.tgz
30 verbose request uri https://registry.npmjs.org/js-trig-parser
31 verbose request sending authorization for write operation
32 info attempt registry request try #1 at 3:49:07 PM
33 verbose request using bearer token for auth
34 verbose request id 61959539fc5e6eeb
35 http request PUT https://registry.npmjs.org/js-trig-parser
36 http 403 https://registry.npmjs.org/js-trig-parser
37 verbose headers { 'content-type': 'application/json',
37 verbose headers   'cache-control': 'max-age=300',
37 verbose headers   'content-length': '95',
37 verbose headers   'accept-ranges': 'bytes',
37 verbose headers   date: 'Thu, 01 Dec 2016 20:49:08 GMT',
37 verbose headers   via: '1.1 varnish',
37 verbose headers   connection: 'keep-alive',
37 verbose headers   'x-served-by': 'cache-yyz8323-YYZ',
37 verbose headers   'x-cache': 'MISS',
37 verbose headers   'x-cache-hits': '0',
37 verbose headers   'x-timer': 'S1480625347.682479,VS0,VE1144',
37 verbose headers   vary: 'Accept-Encoding' }
38 verbose request invalidating /Users/cborodic/.npm/registry.npmjs.org/js-trig-parser on PUT
39 error publish Failed PUT 403
40 verbose stack Error: "You cannot publish over the previously published version 0.2.0." : js-trig-parser
40 verbose stack     at makeError (/usr/local/lib/node_modules/npm/node_modules/npm-registry-client/lib/request.js:264:12)
40 verbose stack     at CachingRegistryClient.<anonymous> (/usr/local/lib/node_modules/npm/node_modules/npm-registry-client/lib/request.js:252:14)
40 verbose stack     at Request._callback (/usr/local/lib/node_modules/npm/node_modules/npm-registry-client/lib/request.js:172:14)
40 verbose stack     at Request.self.callback (/usr/local/lib/node_modules/npm/node_modules/request/request.js:200:22)
40 verbose stack     at emitTwo (events.js:106:13)
40 verbose stack     at Request.emit (events.js:191:7)
40 verbose stack     at Request.<anonymous> (/usr/local/lib/node_modules/npm/node_modules/request/request.js:1067:10)
40 verbose stack     at emitOne (events.js:101:20)
40 verbose stack     at Request.emit (events.js:188:7)
40 verbose stack     at IncomingMessage.<anonymous> (/usr/local/lib/node_modules/npm/node_modules/request/request.js:988:12)
41 verbose statusCode 403
42 verbose pkgid js-trig-parser
43 verbose cwd /Users/cborodic/github/js-trig-parser
44 error Darwin 14.0.0
45 error argv "/usr/local/bin/node" "/usr/local/bin/npm" "publish"
46 error node v6.4.0
47 error npm  v3.10.3
48 error code E403
49 error "You cannot publish over the previously published version 0.2.0." : js-trig-parser
50 error If you need help, you may report this error at:
50 error     <https://github.com/npm/npm/issues>
51 verbose exit [ 1, true ]
